<?xml version="1.0" encoding="UTF-8"?>
<!-- Generated by org.testng.reporters.JUnitReportReporter -->
<testsuite hostname="DESKTOP-QD36F25" failures="0" tests="7" name="testRunner.AddNewEmployee" time="132.013" errors="0" timestamp="08 Apr 2025 08:12:19 GMT" skipped="0">
  <testcase classname="testRunner.AddNewEmployee" name="runScenario" time="16.450"/>
  <testcase classname="testRunner.AddNewEmployee" name="runScenario" time="16.543"/>
  <testcase classname="testRunner.AddNewEmployee" name="runScenario" time="20.593"/>
  <testcase classname="testRunner.AddNewEmployee" name="runScenario" time="23.050"/>
  <testcase classname="testRunner.AddNewEmployee" name="runScenario" time="16.455"/>
  <testcase classname="testRunner.AddNewEmployee" name="runScenario" time="24.364"/>
  <testcase classname="testRunner.AddNewEmployee" name="runScenario" time="14.558"/>
</testsuite> <!-- testRunner.AddNewEmployee -->
