<?xml version="1.0" encoding="UTF-8"?>
<!-- Generated by org.testng.reporters.JUnitReportReporter -->
<testsuite hostname="DESKTOP-QD36F25" failures="0" tests="9" name="testRunner.AdminLogin" time="71.923" errors="0" timestamp="08 Apr 2025 08:12:19 GMT" skipped="0">
  <testcase classname="testRunner.AdminLogin" name="runScenario" time="6.979"/>
  <testcase classname="testRunner.AdminLogin" name="runScenario" time="7.923"/>
  <testcase classname="testRunner.AdminLogin" name="runScenario" time="6.631"/>
  <testcase classname="testRunner.AdminLogin" name="runScenario" time="6.530"/>
  <testcase classname="testRunner.AdminLogin" name="runScenario" time="7.717"/>
  <testcase classname="testRunner.AdminLogin" name="runScenario" time="6.447"/>
  <testcase classname="testRunner.AdminLogin" name="runScenario" time="8.999"/>
  <testcase classname="testRunner.AdminLogin" name="runScenario" time="12.143"/>
  <testcase classname="testRunner.AdminLogin" name="runScenario" time="8.554"/>
</testsuite> <!-- testRunner.AdminLogin -->
